*ERROR* 	v8.1.4	2024/03/12 - 15:09:09: "An exception occurred while executing 'INSERT INTO `ps_link_block_shop` (`id_link_block`, `id_shop`, `position`) VALUES\n                (1, 1, 0),\n                (2, 1, 1);':\n\nSQLSTATE[23000]: Integrity constraint violation: 1062 Duplicate entry '1-1' for key 'ps_link_block_shop.PRIMARY'"
*ERROR* 	v8.1.4	2024/03/12 - 15:09:09: PrestaShop\PrestaShop\Core\Domain\Theme\Exception\FailedToEnableThemeModuleException: "An exception occurred while executing 'INSERT INTO `ps_link_block_shop` (`id_link_block`, `id_shop`, `position`) VALUES\n                (1, 1, 0),\n                (2, 1, 1);':\n\nSQLSTATE[23000]: Integrity constraint violation: 1062 Duplicate entry '1-1' for key 'ps_link_block_shop.PRIMARY'" in /app/src/Core/Addon/Theme/ThemeManager.php:398
Stack trace:
#0 /app/src/Core/Addon/Theme/ThemeManager.php(255): PrestaShop\PrestaShop\Core\Addon\Theme\ThemeManager->doEnableModules()
#1 /app/src/PrestaShopBundle/Install/Install.php(1178): PrestaShop\PrestaShop\Core\Addon\Theme\ThemeManager->enable()
#2 /app/install/controllers/http/process.php(294): PrestaShopBundle\Install\Install->installTheme()
#3 /app/install/controllers/http/process.php(104): InstallControllerHttpProcess->processInstallTheme()
#4 /app/install/classes/controllerHttp.php(277): InstallControllerHttpProcess->process()
#5 /app/install/index.php(53): InstallControllerHttp::execute()
#6 {main}
*ERROR* 	v8.1.4	2024/03/12 - 15:17:48: "An exception occurred while executing 'INSERT INTO `ps_link_block_shop` (`id_link_block`, `id_shop`, `position`) VALUES\n                (1, 1, 0),\n                (2, 1, 1);':\n\nSQLSTATE[23000]: Integrity constraint violation: 1062 Duplicate entry '1-1' for key 'ps_link_block_shop.PRIMARY'"
*ERROR* 	v8.1.4	2024/03/12 - 15:17:48: PrestaShop\PrestaShop\Core\Domain\Theme\Exception\FailedToEnableThemeModuleException: "An exception occurred while executing 'INSERT INTO `ps_link_block_shop` (`id_link_block`, `id_shop`, `position`) VALUES\n                (1, 1, 0),\n                (2, 1, 1);':\n\nSQLSTATE[23000]: Integrity constraint violation: 1062 Duplicate entry '1-1' for key 'ps_link_block_shop.PRIMARY'" in /app/src/Core/Addon/Theme/ThemeManager.php:398
Stack trace:
#0 /app/src/Core/Addon/Theme/ThemeManager.php(255): PrestaShop\PrestaShop\Core\Addon\Theme\ThemeManager->doEnableModules()
#1 /app/src/PrestaShopBundle/Install/Install.php(1178): PrestaShop\PrestaShop\Core\Addon\Theme\ThemeManager->enable()
#2 /app/install/controllers/http/process.php(294): PrestaShopBundle\Install\Install->installTheme()
#3 /app/install/controllers/http/process.php(104): InstallControllerHttpProcess->processInstallTheme()
#4 /app/install/classes/controllerHttp.php(277): InstallControllerHttpProcess->process()
#5 /app/install/index.php(53): InstallControllerHttp::execute()
#6 {main}
*ERROR* 	v8.1.4	2024/03/12 - 16:05:47: "An exception occurred while executing 'INSERT INTO `ps_link_block_shop` (`id_link_block`, `id_shop`, `position`) VALUES\n                (1, 1, 0),\n                (2, 1, 1);':\n\nSQLSTATE[23000]: Integrity constraint violation: 1062 Duplicate entry '1-1' for key 'ps_link_block_shop.PRIMARY'"
*ERROR* 	v8.1.4	2024/03/12 - 16:05:47: PrestaShop\PrestaShop\Core\Domain\Theme\Exception\FailedToEnableThemeModuleException: "An exception occurred while executing 'INSERT INTO `ps_link_block_shop` (`id_link_block`, `id_shop`, `position`) VALUES\n                (1, 1, 0),\n                (2, 1, 1);':\n\nSQLSTATE[23000]: Integrity constraint violation: 1062 Duplicate entry '1-1' for key 'ps_link_block_shop.PRIMARY'" in /app/src/Core/Addon/Theme/ThemeManager.php:398
Stack trace:
#0 /app/src/Core/Addon/Theme/ThemeManager.php(255): PrestaShop\PrestaShop\Core\Addon\Theme\ThemeManager->doEnableModules()
#1 /app/src/PrestaShopBundle/Install/Install.php(1178): PrestaShop\PrestaShop\Core\Addon\Theme\ThemeManager->enable()
#2 /app/install/controllers/http/process.php(294): PrestaShopBundle\Install\Install->installTheme()
#3 /app/install/controllers/http/process.php(104): InstallControllerHttpProcess->processInstallTheme()
#4 /app/install/classes/controllerHttp.php(277): InstallControllerHttpProcess->process()
#5 /app/install/index.php(53): InstallControllerHttp::execute()
#6 {main}
